<?xml version="1.0" encoding="UTF-8"?>
<robot generator="Robot 3.2.2 (Python 3.9.1 on win32)" generated="20210222 21:54:54.031" rpa="false">
<suite id="s1" name="Myfirstrobot" source="C:\Users\mhuch\eclipse-workspace\myfirstrobot">
<suite id="s1-s1" name="TestCases" source="C:\Users\mhuch\eclipse-workspace\myfirstrobot\TestCases">
<suite id="s1-s1-s1" name="Synchronisation" source="C:\Users\mhuch\eclipse-workspace\myfirstrobot\TestCases\synchronisation.robot">
<test id="s1-s1-s1-t1" name="TC001_Synchronisation">
<kw name="Get Selenium Speed" library="SeleniumLibrary">
<doc>Gets the delay that is waited after each Selenium command.</doc>
<assign>
<var>${default selenium speed}</var>
</assign>
<msg timestamp="20210222 21:54:54.936" level="INFO">${default selenium speed} = 0 seconds</msg>
<status status="PASS" starttime="20210222 21:54:54.935" endtime="20210222 21:54:54.936"></status>
</kw>
<kw name="Log To Console" library="BuiltIn">
<doc>Logs the given message to the console.</doc>
<arguments>
<arg>${default selenium speed}</arg>
</arguments>
<status status="PASS" starttime="20210222 21:54:54.937" endtime="20210222 21:54:54.937"></status>
</kw>
<kw name="MyLoginKeyword" library="Ressource1">
<kw name="Open Browser" library="SeleniumLibrary">
<doc>Opens a new browser instance to the optional ``url``.</doc>
<arguments>
<arg>https://opensource-demo.orangehrmlive.com/index.php/auth/login</arg>
<arg>gc</arg>
</arguments>
<msg timestamp="20210222 21:54:54.942" level="INFO">Opening browser 'gc' to base url 'https://opensource-demo.orangehrmlive.com/index.php/auth/login'.</msg>
<status status="PASS" starttime="20210222 21:54:54.940" endtime="20210222 21:55:02.284"></status>
</kw>
<kw name="Maximize Browser Window" library="SeleniumLibrary">
<doc>Maximizes current browser window.</doc>
<status status="PASS" starttime="20210222 21:55:02.285" endtime="20210222 21:55:02.830"></status>
</kw>
<kw name="Input Text" library="SeleniumLibrary">
<doc>Types the given ``text`` into the text field identified by ``locator``.</doc>
<arguments>
<arg>id=txtUsername</arg>
<arg>Admin</arg>
</arguments>
<msg timestamp="20210222 21:55:02.831" level="INFO">Typing text 'Admin' into text field 'id=txtUsername'.</msg>
<status status="PASS" starttime="20210222 21:55:02.831" endtime="20210222 21:55:03.251"></status>
</kw>
<kw name="Input Password" library="SeleniumLibrary">
<doc>Types the given password into the text field identified by ``locator``.</doc>
<arguments>
<arg>id=txtPassword</arg>
<arg>admin123</arg>
</arguments>
<msg timestamp="20210222 21:55:03.253" level="INFO">Typing password into text field 'id=txtPassword'.</msg>
<msg timestamp="20210222 21:55:03.349" level="INFO">Temporally setting log level to: NONE</msg>
<msg timestamp="20210222 21:55:03.466" level="INFO">Log level changed from NONE to INFO.</msg>
<status status="PASS" starttime="20210222 21:55:03.252" endtime="20210222 21:55:03.467"></status>
</kw>
<kw name="Click Button" library="SeleniumLibrary">
<doc>Clicks the button identified by ``locator``.</doc>
<arguments>
<arg>id=btnLogin</arg>
</arguments>
<msg timestamp="20210222 21:55:03.469" level="INFO">Clicking button 'id=btnLogin'.</msg>
<status status="PASS" starttime="20210222 21:55:03.468" endtime="20210222 21:55:05.156"></status>
</kw>
<status status="PASS" starttime="20210222 21:54:54.938" endtime="20210222 21:55:05.157"></status>
</kw>
<kw name="Click Link" library="SeleniumLibrary">
<doc>Clicks a link identified by ``locator``.</doc>
<arguments>
<arg>id=welcome</arg>
</arguments>
<msg timestamp="20210222 21:55:05.159" level="INFO">Clicking link 'id=welcome'.</msg>
<status status="PASS" starttime="20210222 21:55:05.158" endtime="20210222 21:55:06.507"></status>
</kw>
<kw name="Set Selenium Speed" library="SeleniumLibrary">
<doc>Sets the delay that is waited after each Selenium command.</doc>
<arguments>
<arg>4s</arg>
</arguments>
<status status="PASS" starttime="20210222 21:55:06.508" endtime="20210222 21:55:06.509"></status>
</kw>
<kw name="Click Link" library="SeleniumLibrary">
<doc>Clicks a link identified by ``locator``.</doc>
<arguments>
<arg>link=Logout</arg>
</arguments>
<msg timestamp="20210222 21:55:06.511" level="INFO">Clicking link 'link=Logout'.</msg>
<kw name="Capture Page Screenshot" library="SeleniumLibrary">
<doc>Takes a screenshot of the current page and embeds it into a log file.</doc>
<msg timestamp="20210222 21:55:14.927" level="INFO" html="yes">&lt;/td&gt;&lt;/tr&gt;&lt;tr&gt;&lt;td colspan="3"&gt;&lt;a href="selenium-screenshot-3.png"&gt;&lt;img src="selenium-screenshot-3.png" width="800px"&gt;&lt;/a&gt;</msg>
<status status="PASS" starttime="20210222 21:55:10.596" endtime="20210222 21:55:14.928"></status>
</kw>
<msg timestamp="20210222 21:55:14.938" level="FAIL">Link with locator 'link=Logout' not found.</msg>
<status status="FAIL" starttime="20210222 21:55:06.510" endtime="20210222 21:55:14.940"></status>
</kw>
<doc>Premier test</doc>
<status status="FAIL" starttime="20210222 21:54:54.934" endtime="20210222 21:55:14.942" critical="yes">Link with locator 'link=Logout' not found.</status>
</test>
<status status="FAIL" starttime="20210222 21:54:54.300" endtime="20210222 21:55:14.947"></status>
</suite>
<status status="FAIL" starttime="20210222 21:54:54.281" endtime="20210222 21:55:14.956"></status>
</suite>
<status status="FAIL" starttime="20210222 21:54:54.223" endtime="20210222 21:55:14.961"></status>
</suite>
<statistics>
<total>
<stat pass="0" fail="1">Critical Tests</stat>
<stat pass="0" fail="1">All Tests</stat>
</total>
<tag>
</tag>
<suite>
<stat pass="0" fail="1" id="s1" name="Myfirstrobot">Myfirstrobot</stat>
<stat pass="0" fail="1" id="s1-s1" name="TestCases">Myfirstrobot.TestCases</stat>
<stat pass="0" fail="1" id="s1-s1-s1" name="Synchronisation">Myfirstrobot.TestCases.Synchronisation</stat>
</suite>
</statistics>
<errors>
</errors>
</robot>
